<?xml version="1.0" encoding="UTF-8"?>
<!-- Generated by org.testng.reporters.JUnitXMLReporter -->
<testsuite ignored="1" hostname="DESKTOP-GLAFMTS" failures="0" tests="5" name="Test" time="0.168" errors="0" timestamp="2024-01-24T11:56:55 IST">
  <testcase classname="com.PracticeMaven.DemoTest" name="demo1Test" time="0.015"/>
  <testcase classname="com.PracticeMaven.DemoTest" name="demo2Test" time="0.004"/>
  <testcase classname="com.PracticeMaven.SampleTest" name="sample1Test" time="0.005"/>
  <testcase classname="com.PracticeMaven.PracticeTest" name="practice1Test" time="0.01"/>
  <testcase classname="com.PracticeMaven.PracticeTest" name="practice2Test" time="0.006"/>
  <testcase classname="com.PracticeMaven.SampleTest" name="sample2Test" time="0.0">
    <ignored/>
  </testcase> <!-- sample2Test -->
</testsuite> <!-- Test -->
