<?xml version="1.0" encoding="UTF-8"?>
<testng-results ignored="0" total="5" passed="5" failed="0" skipped="0">
  <reporter-output>
  </reporter-output>
  <suite started-at="2024-01-24T11:56:55 IST" name="Suite" finished-at="2024-01-24T11:56:55 IST" duration-ms="168">
    <groups>
      <group name="regression">
        <method signature="DemoTest.demo2Test()[pri:0, instance:com.PracticeMaven.DemoTest@7c7b252e]" name="demo2Test" class="com.PracticeMaven.DemoTest"/>
        <method signature="PracticeTest.practice2Test()[pri:0, instance:com.PracticeMaven.PracticeTest@3270d194]" name="practice2Test" class="com.PracticeMaven.PracticeTest"/>
      </group> <!-- regression -->
      <group name="smoke">
        <method signature="DemoTest.demo1Test()[pri:0, instance:com.PracticeMaven.DemoTest@7c7b252e]" name="demo1Test" class="com.PracticeMaven.DemoTest"/>
        <method signature="DemoTest.demo2Test()[pri:0, instance:com.PracticeMaven.DemoTest@7c7b252e]" name="demo2Test" class="com.PracticeMaven.DemoTest"/>
        <method signature="PracticeTest.practice1Test()[pri:0, instance:com.PracticeMaven.PracticeTest@3270d194]" name="practice1Test" class="com.PracticeMaven.PracticeTest"/>
        <method signature="PracticeTest.practice2Test()[pri:0, instance:com.PracticeMaven.PracticeTest@3270d194]" name="practice2Test" class="com.PracticeMaven.PracticeTest"/>
        <method signature="SampleTest.sample1Test()[pri:0, instance:com.PracticeMaven.SampleTest@55182842]" name="sample1Test" class="com.PracticeMaven.SampleTest"/>
      </group> <!-- smoke -->
    </groups>
    <test started-at="2024-01-24T11:56:55 IST" name="Test" finished-at="2024-01-24T11:56:55 IST" duration-ms="168">
      <class name="com.PracticeMaven.SampleTest">
        <test-method signature="sample1Test()[pri:0, instance:com.PracticeMaven.SampleTest@55182842]" started-at="2024-01-24T11:56:55 IST" name="sample1Test" finished-at="2024-01-24T11:56:55 IST" duration-ms="5" status="PASS">
          <reporter-output>
          </reporter-output>
        </test-method> <!-- sample1Test -->
      </class> <!-- com.PracticeMaven.SampleTest -->
      <class name="com.PracticeMaven.DemoTest">
        <test-method signature="demo1Test()[pri:0, instance:com.PracticeMaven.DemoTest@7c7b252e]" started-at="2024-01-24T11:56:55 IST" name="demo1Test" finished-at="2024-01-24T11:56:55 IST" duration-ms="15" status="PASS">
          <reporter-output>
          </reporter-output>
        </test-method> <!-- demo1Test -->
        <test-method signature="demo2Test()[pri:0, instance:com.PracticeMaven.DemoTest@7c7b252e]" started-at="2024-01-24T11:56:55 IST" name="demo2Test" finished-at="2024-01-24T11:56:55 IST" duration-ms="4" status="PASS">
          <reporter-output>
          </reporter-output>
        </test-method> <!-- demo2Test -->
      </class> <!-- com.PracticeMaven.DemoTest -->
      <class name="com.PracticeMaven.PracticeTest">
        <test-method signature="practice1Test()[pri:0, instance:com.PracticeMaven.PracticeTest@3270d194]" started-at="2024-01-24T11:56:55 IST" name="practice1Test" finished-at="2024-01-24T11:56:55 IST" duration-ms="10" status="PASS">
          <reporter-output>
          </reporter-output>
        </test-method> <!-- practice1Test -->
        <test-method signature="practice2Test()[pri:0, instance:com.PracticeMaven.PracticeTest@3270d194]" started-at="2024-01-24T11:56:55 IST" name="practice2Test" finished-at="2024-01-24T11:56:55 IST" duration-ms="6" status="PASS">
          <reporter-output>
          </reporter-output>
        </test-method> <!-- practice2Test -->
      </class> <!-- com.PracticeMaven.PracticeTest -->
    </test> <!-- Test -->
  </suite> <!-- Suite -->
</testng-results>
